<?xml version="1.0" encoding="UTF-8"?>
<testsuite xmlns:xsi="http://www.w3.org/2001/XMLSchema-instance" xsi:schemaLocation="https://maven.apache.org/surefire/maven-surefire-plugin/xsd/surefire-test-report.xsd" name="eu.eidas.engine.test.simple.eidas.EidasAuthResponseTest" time="0.384" tests="23" errors="0" skipped="1" failures="0">
  <properties>
[...]
</properties>
  <testcase name="testResponseInvalidParametersToken" classname="eu.eidas.engine.test.simple.eidas.EidasAuthResponseTest" time="0.001"/>
  <testcase name="testGenerateAuthnResponseFailAssertionConsumerUrlNull" classname="eu.eidas.engine.test.simple.eidas.EidasAuthResponseTest" time="0"/>
  <testcase name="testValidateAuthenticationResponseIsFail" classname="eu.eidas.engine.test.simple.eidas.EidasAuthResponseTest" time="0.018"/>
  <testcase name="testResponseMandatoryPersonalAttributeList" classname="eu.eidas.engine.test.simple.eidas.EidasAuthResponseTest" time="0.002"/>
  <testcase name="testResponseInvalidParametersIPDistinct" classname="eu.eidas.engine.test.simple.eidas.EidasAuthResponseTest" time="0.02"/>
  <testcase name="testResponseValidationIP" classname="eu.eidas.engine.test.simple.eidas.EidasAuthResponseTest" time="0">
    <skipped/>
  </testcase>
  <testcase name="testGenerateAuthnResponseFailCodeErrorNull" classname="eu.eidas.engine.test.simple.eidas.EidasAuthResponseTest" time="0"/>
  <testcase name="testResponseInvalidParametersAttrComplexValue" classname="eu.eidas.engine.test.simple.eidas.EidasAuthResponseTest" time="0.004"/>
  <testcase name="testResponseInvalidParametersAttrSimpleValue" classname="eu.eidas.engine.test.simple.eidas.EidasAuthResponseTest" time="0"/>
  <testcase name="testValidateAuthenticationResponseFailIsFail" classname="eu.eidas.engine.test.simple.eidas.EidasAuthResponseTest" time="0.011"/>
  <testcase name="testGenerateAuthnResponse" classname="eu.eidas.engine.test.simple.eidas.EidasAuthResponseTest" time="0.013"/>
  <testcase name="testResponseInvalidParametersAttrNoName" classname="eu.eidas.engine.test.simple.eidas.EidasAuthResponseTest" time="0.028"/>
  <testcase name="testGenerateAuthnResponseLoA" classname="eu.eidas.engine.test.simple.eidas.EidasAuthResponseTest" time="0.035"/>
  <testcase name="testValidateAuthenticationResponseDestination" classname="eu.eidas.engine.test.simple.eidas.EidasAuthResponseTest" time="0"/>
  <testcase name="testResponseInvalidParametersTokenMsg" classname="eu.eidas.engine.test.simple.eidas.EidasAuthResponseTest" time="0.001"/>
  <testcase name="testValidateAuthnResponse" classname="eu.eidas.engine.test.simple.eidas.EidasAuthResponseTest" time="0.029"/>
  <testcase name="testResponseMandatoryIssuer" classname="eu.eidas.engine.test.simple.eidas.EidasAuthResponseTest" time="0"/>
  <testcase name="testResponseMandatoryAssertionConsumerServiceURL" classname="eu.eidas.engine.test.simple.eidas.EidasAuthResponseTest" time="0.001"/>
  <testcase name="testGenerateAuthnResponseFailInResponseToNull" classname="eu.eidas.engine.test.simple.eidas.EidasAuthResponseTest" time="0"/>
  <testcase name="testResponseInvalidParametersIP" classname="eu.eidas.engine.test.simple.eidas.EidasAuthResponseTest" time="0"/>
  <testcase name="testResponseInvalidParametersAttrNoValue" classname="eu.eidas.engine.test.simple.eidas.EidasAuthResponseTest" time="0.17"/>
  <testcase name="testResponseMandatoryId" classname="eu.eidas.engine.test.simple.eidas.EidasAuthResponseTest" time="0"/>
  <testcase name="testResponseInvalidParametersAttr" classname="eu.eidas.engine.test.simple.eidas.EidasAuthResponseTest" time="0"/>
</testsuite>